<?xml version="1.0" encoding="UTF-8"?>
<!-- Generated by org.testng.reporters.JUnitReportReporter -->
<testsuite skipped="1" hostname="DESKTOP-9715G1F" name="pac1.Actions2Test" tests="2" failures="0" timestamp="2021-10-31T20:16:04 IST" time="3.897" errors="1">
  <testcase name="beforeClass" time="3.897" classname="pac1.Actions2Test">
    <error type="org.openqa.selenium.SessionNotCreatedException" message="session not created: This version of ChromeDriver only supports Chrome version 93
Current browser version is 95.0.4638.54 with binary path C:\Program Files (x86)\Google\Chrome\Application\chrome.exe
Build info: version: &#039;3.141.59&#039;, revision: &#039;e82be7d358&#039;, time: &#039;2018-11-14T08:17:03&#039;
System info: host: &#039;DESKTOP-9715G1F&#039;, ip: &#039;172.25.112.1&#039;, os.name: &#039;Windows 10&#039;, os.arch: &#039;amd64&#039;, os.version: &#039;10.0&#039;, java.version: &#039;1.8.0_65&#039;
Driver info: driver.version: ChromeDriver
remote stacktrace: Backtrace:
	Ordinal0 [0x00ABD403+2479107]
	Ordinal0 [0x00A57D51+2063697]
	Ordinal0 [0x009620C8+1056968]
	Ordinal0 [0x0098043A+1180730]
	Ordinal0 [0x0097C355+1164117]
	Ordinal0 [0x00979B7F+1153919]
	Ordinal0 [0x009A9CBF+1350847]
	Ordinal0 [0x009A992A+1349930]
	Ordinal0 [0x009A583B+1333307]
	Ordinal0 [0x00981F94+1187732]
	Ordinal0 [0x00982DE9+1191401]
	GetHandleVerifier [0x00C3F3F6+1531734]
	GetHandleVerifier [0x00CEE9AE+2249998]
	GetHandleVerifier [0x00B439AB+501003]
	GetHandleVerifier [0x00B42A29+497033]
	Ordinal0 [0x00A5D11D+2085149]
	Ordinal0 [0x00A611C8+2101704]
	Ordinal0 [0x00A61302+2102018]
	Ordinal0 [0x00A6AA71+2140785]
	BaseThreadInitThunk [0x765FFA29+25]
	RtlGetAppContainerNamedObjectPath [0x77537A9E+286]
	RtlGetAppContainerNamedObjectPath [0x77537A6E+238]
">
      <![CDATA[org.openqa.selenium.SessionNotCreatedException: session not created: This version of ChromeDriver only supports Chrome version 93
Current browser version is 95.0.4638.54 with binary path C:\Program Files (x86)\Google\Chrome\Application\chrome.exe
Build info: version: '3.141.59', revision: 'e82be7d358', time: '2018-11-14T08:17:03'
System info: host: 'DESKTOP-9715G1F', ip: '172.25.112.1', os.name: 'Windows 10', os.arch: 'amd64', os.version: '10.0', java.version: '1.8.0_65'
Driver info: driver.version: ChromeDriver
remote stacktrace: Backtrace:
Ordinal0 [0x00ABD403+2479107]
Ordinal0 [0x00A57D51+2063697]
Ordinal0 [0x009620C8+1056968]
Ordinal0 [0x0098043A+1180730]
Ordinal0 [0x0097C355+1164117]
Ordinal0 [0x00979B7F+1153919]
Ordinal0 [0x009A9CBF+1350847]
Ordinal0 [0x009A992A+1349930]
Ordinal0 [0x009A583B+1333307]
Ordinal0 [0x00981F94+1187732]
Ordinal0 [0x00982DE9+1191401]
GetHandleVerifier [0x00C3F3F6+1531734]
GetHandleVerifier [0x00CEE9AE+2249998]
GetHandleVerifier [0x00B439AB+501003]
GetHandleVerifier [0x00B42A29+497033]
Ordinal0 [0x00A5D11D+2085149]
Ordinal0 [0x00A611C8+2101704]
Ordinal0 [0x00A61302+2102018]
Ordinal0 [0x00A6AA71+2140785]
BaseThreadInitThunk [0x765FFA29+25]
RtlGetAppContainerNamedObjectPath [0x77537A9E+286]
RtlGetAppContainerNamedObjectPath [0x77537A6E+238]

at sun.reflect.NativeConstructorAccessorImpl.newInstance0(Native Method)
at sun.reflect.NativeConstructorAccessorImpl.newInstance(NativeConstructorAccessorImpl.java:62)
at sun.reflect.DelegatingConstructorAccessorImpl.newInstance(DelegatingConstructorAccessorImpl.java:45)
at java.lang.reflect.Constructor.newInstance(Constructor.java:422)
at org.openqa.selenium.remote.W3CHandshakeResponse.lambda$errorHandler$0(W3CHandshakeResponse.java:62)
at org.openqa.selenium.remote.HandshakeResponse.lambda$getResponseFunction$0(HandshakeResponse.java:30)
at org.openqa.selenium.remote.ProtocolHandshake.lambda$createSession$0(ProtocolHandshake.java:126)
at java.util.stream.ReferencePipeline$3$1.accept(ReferencePipeline.java:193)
at java.util.Spliterators$ArraySpliterator.tryAdvance(Spliterators.java:958)
at java.util.stream.ReferencePipeline.forEachWithCancel(ReferencePipeline.java:126)
at java.util.stream.AbstractPipeline.copyIntoWithCancel(AbstractPipeline.java:498)
at java.util.stream.AbstractPipeline.copyInto(AbstractPipeline.java:485)
at java.util.stream.AbstractPipeline.wrapAndCopyInto(AbstractPipeline.java:471)
at java.util.stream.FindOps$FindOp.evaluateSequential(FindOps.java:152)
at java.util.stream.AbstractPipeline.evaluate(AbstractPipeline.java:234)
at java.util.stream.ReferencePipeline.findFirst(ReferencePipeline.java:464)
at org.openqa.selenium.remote.ProtocolHandshake.createSession(ProtocolHandshake.java:128)
at org.openqa.selenium.remote.ProtocolHandshake.createSession(ProtocolHandshake.java:74)
at org.openqa.selenium.remote.HttpCommandExecutor.execute(HttpCommandExecutor.java:136)
at org.openqa.selenium.remote.service.DriverCommandExecutor.execute(DriverCommandExecutor.java:83)
at org.openqa.selenium.remote.RemoteWebDriver.execute(RemoteWebDriver.java:552)
at org.openqa.selenium.remote.RemoteWebDriver.startSession(RemoteWebDriver.java:213)
at org.openqa.selenium.remote.RemoteWebDriver.<init>(RemoteWebDriver.java:131)
at org.openqa.selenium.chrome.ChromeDriver.<init>(ChromeDriver.java:181)
at org.openqa.selenium.chrome.ChromeDriver.<init>(ChromeDriver.java:168)
at org.openqa.selenium.chrome.ChromeDriver.<init>(ChromeDriver.java:123)
at pac1.Actions2Test.beforeClass(Actions2Test.java:24)
at sun.reflect.NativeMethodAccessorImpl.invoke0(Native Method)
at sun.reflect.NativeMethodAccessorImpl.invoke(NativeMethodAccessorImpl.java:62)
at sun.reflect.DelegatingMethodAccessorImpl.invoke(DelegatingMethodAccessorImpl.java:43)
at java.lang.reflect.Method.invoke(Method.java:497)
at org.testng.internal.MethodInvocationHelper.invokeMethod(MethodInvocationHelper.java:134)
at org.testng.internal.MethodInvocationHelper.invokeMethodConsideringTimeout(MethodInvocationHelper.java:63)
at org.testng.internal.ConfigInvoker.invokeConfigurationMethod(ConfigInvoker.java:348)
at org.testng.internal.ConfigInvoker.invokeConfigurations(ConfigInvoker.java:302)
at org.testng.internal.TestMethodWorker.invokeBeforeClassMethods(TestMethodWorker.java:176)
at org.testng.internal.TestMethodWorker.run(TestMethodWorker.java:122)
at java.util.ArrayList.forEach(ArrayList.java:1249)
at org.testng.TestRunner.privateRun(TestRunner.java:766)
at org.testng.TestRunner.run(TestRunner.java:587)
at org.testng.SuiteRunner.runTest(SuiteRunner.java:384)
at org.testng.SuiteRunner.runSequentially(SuiteRunner.java:378)
at org.testng.SuiteRunner.privateRun(SuiteRunner.java:337)
at org.testng.SuiteRunner.run(SuiteRunner.java:286)
at org.testng.SuiteRunnerWorker.runSuite(SuiteRunnerWorker.java:53)
at org.testng.SuiteRunnerWorker.run(SuiteRunnerWorker.java:96)
at org.testng.TestNG.runSuitesSequentially(TestNG.java:1187)
at org.testng.TestNG.runSuitesLocally(TestNG.java:1109)
at org.testng.TestNG.runSuites(TestNG.java:1039)
at org.testng.TestNG.run(TestNG.java:1007)
at org.testng.remote.AbstractRemoteTestNG.run(AbstractRemoteTestNG.java:115)
at org.testng.remote.RemoteTestNG.initAndRun(RemoteTestNG.java:251)
at org.testng.remote.RemoteTestNG.main(RemoteTestNG.java:77)
]]>
    </error>
  </testcase> <!-- beforeClass -->
  <system-out/>
  <testcase name="fTest" time="0.000" classname="pac1.Actions2Test">
    <skipped/>
  </testcase> <!-- fTest -->
  <system-out/>
</testsuite> <!-- pac1.Actions2Test -->
